{
  "level": "info",
  "msg": "logger initialized successfully",
  "time": "2025-09-19 00:14:57"
}
{
  "level": "info",
  "msg": "postgres connected",
  "time": "2025-09-19 00:14:57"
}
{
  "level": "info",
  "msg": "logger initialized successfully",
  "time": "2025-09-19 00:16:09"
}
{
  "level": "info",
  "msg": "postgres connected",
  "time": "2025-09-19 00:16:09"
}
{
  "level": "info",
  "msg": "logger initialized successfully",
  "time": "2025-09-19 00:17:20"
}
{
  "level": "info",
  "msg": "postgres connected",
  "time": "2025-09-19 00:17:20"
}
{
  "level": "info",
  "msg": "migrations completed",
  "time": "2025-09-19 00:17:21"
}
{
  "level": "error",
  "msg": "Error decoding request bodyparsing time \"2024-01-01\" as \"2006-01-02T15:04:05Z07:00\": cannot parse \"\" as \"T\"",
  "time": "2025-09-19 00:23:36"
}
{
  "level": "info",
  "msg": "logger initialized successfully",
  "time": "2025-09-19 00:28:33"
}
{
  "level": "info",
  "msg": "postgres connected",
  "time": "2025-09-19 00:28:33"
}
{
  "level": "info",
  "msg": "migrations completed",
  "time": "2025-09-19 00:28:33"
}
{
  "level": "error",
  "msg": "Error decoding request bodyparsing time \"2024-01-01\" as \"2006-01-02T15:04:05Z07:00\": cannot parse \"\" as \"T\"",
  "time": "2025-09-19 00:28:36"
}
{
  "level": "info",
  "msg": "logger initialized successfully",
  "time": "2025-09-19 00:31:09"
}
{
  "level": "info",
  "msg": "postgres connected",
  "time": "2025-09-19 00:31:09"
}
{
  "level": "info",
  "msg": "migrations completed",
  "time": "2025-09-19 00:31:09"
}
{
  "level": "error",
  "msg": "Error decoding request bodyparsing time \"2024-01-01\" as \"2006-01-02T15:04:05Z07:00\": cannot parse \"\" as \"T\"",
  "time": "2025-09-19 00:31:14"
}
{
  "level": "info",
  "msg": "logger initialized successfully",
  "time": "2025-09-19 00:36:43"
}
{
  "level": "info",
  "msg": "postgres connected",
  "time": "2025-09-19 00:36:43"
}
{
  "level": "info",
  "msg": "migrations completed",
  "time": "2025-09-19 00:36:43"
}
{
  "level": "error",
  "msg": "Failed to query subscriptionserrorpq: could not identify an equality operator for type json",
  "time": "2025-09-19 00:36:48"
}
{
  "level": "error",
  "msg": "Error counting service requestspq: could not identify an equality operator for type json",
  "time": "2025-09-19 00:36:48"
}
{
  "level": "info",
  "msg": "logger initialized successfully",
  "time": "2025-09-19 00:39:26"
}
{
  "level": "info",
  "msg": "postgres connected",
  "time": "2025-09-19 00:39:27"
}
{
  "level": "info",
  "msg": "migrations completed",
  "time": "2025-09-19 00:39:27"
}
{
  "level": "error",
  "msg": "Failed to unmarshal services JSONerrorinvalid character ',' after object key",
  "time": "2025-09-19 00:39:31"
}
{
  "level": "error",
  "msg": "Error counting service requestsinvalid character ',' after object key",
  "time": "2025-09-19 00:39:31"
}
{
  "level": "info",
  "msg": "logger initialized successfully",
  "time": "2025-09-19 00:40:41"
}
{
  "level": "info",
  "msg": "postgres connected",
  "time": "2025-09-19 00:40:42"
}
{
  "level": "info",
  "msg": "migrations completed",
  "time": "2025-09-19 00:40:42"
}
{
  "level": "info",
  "msg": "Subscriptions counted successfullyuser_idtotal_amount80.92services_count4start_date2024-01-01T00:00:00Zend_date2024-12-31T00:00:00Z",
  "time": "2025-09-19 00:40:44"
}
{
  "level": "info",
  "msg": "Subscriptions counted successfullyuser_idtotal_amount80.92services_count4start_date2024-01-01T00:00:00Zend_date2024-12-31T00:00:00Z",
  "time": "2025-09-19 00:41:29"
}
{
  "level": "error",
  "msg": "Failed to unmarshal services JSONerrorunexpected end of JSON input",
  "time": "2025-09-19 00:41:38"
}
{
  "level": "error",
  "msg": "Error counting service requestsunexpected end of JSON input",
  "time": "2025-09-19 00:41:38"
}
{
  "level": "info",
  "msg": "logger initialized successfully",
  "time": "2025-09-19 00:43:51"
}
{
  "level": "info",
  "msg": "postgres connected",
  "time": "2025-09-19 00:43:51"
}
{
  "level": "info",
  "msg": "migrations completed",
  "time": "2025-09-19 00:43:51"
}
{
  "level": "error",
  "msg": "Failed to unmarshal services JSONerrorunexpected end of JSON input",
  "time": "2025-09-19 00:43:55"
}
{
  "level": "error",
  "msg": "Error counting service requestsunexpected end of JSON input",
  "time": "2025-09-19 00:43:55"
}
{
  "level": "info",
  "msg": "logger initialized successfully",
  "time": "2025-09-19 00:45:34"
}
{
  "level": "info",
  "msg": "postgres connected",
  "time": "2025-09-19 00:45:34"
}
{
  "level": "info",
  "msg": "migrations completed",
  "time": "2025-09-19 00:45:34"
}
{
  "level": "error",
  "msg": "Failed to query subscriptionserrorpq: function jsonb_agg(jsonb, jsonb) does not exist",
  "time": "2025-09-19 00:45:40"
}
{
  "level": "error",
  "msg": "Error counting service requestspq: function jsonb_agg(jsonb, jsonb) does not exist",
  "time": "2025-09-19 00:45:40"
}
{
  "level": "info",
  "msg": "logger initialized successfully",
  "time": "2025-09-19 00:46:18"
}
{
  "level": "info",
  "msg": "postgres connected",
  "time": "2025-09-19 00:46:19"
}
{
  "level": "info",
  "msg": "migrations completed",
  "time": "2025-09-19 00:46:19"
}
{
  "level": "error",
  "msg": "Failed to query subscriptionserrorpq: function jsonb_agg(jsonb, jsonb) does not exist",
  "time": "2025-09-19 00:46:24"
}
{
  "level": "error",
  "msg": "Error counting service requestspq: function jsonb_agg(jsonb, jsonb) does not exist",
  "time": "2025-09-19 00:46:24"
}
{
  "level": "info",
  "msg": "logger initialized successfully",
  "time": "2025-09-19 00:46:56"
}
{
  "level": "info",
  "msg": "postgres connected",
  "time": "2025-09-19 00:46:56"
}
{
  "level": "info",
  "msg": "migrations completed",
  "time": "2025-09-19 00:46:56"
}
{
  "level": "error",
  "msg": "Failed to query subscriptionserrorpq: syntax error at or near \"WHERE\"",
  "time": "2025-09-19 00:46:58"
}
{
  "level": "error",
  "msg": "Error counting service requestspq: syntax error at or near \"WHERE\"",
  "time": "2025-09-19 00:46:58"
}
{
  "level": "info",
  "msg": "logger initialized successfully",
  "time": "2025-09-19 00:47:10"
}
{
  "level": "info",
  "msg": "postgres connected",
  "time": "2025-09-19 00:47:10"
}
{
  "level": "info",
  "msg": "migrations completed",
  "time": "2025-09-19 00:47:10"
}
{
  "level": "error",
  "msg": "Failed to query subscriptionserrorpq: function jsonb_agg(jsonb, jsonb) does not exist",
  "time": "2025-09-19 00:47:18"
}
{
  "level": "error",
  "msg": "Error counting service requestspq: function jsonb_agg(jsonb, jsonb) does not exist",
  "time": "2025-09-19 00:47:18"
}
{
  "level": "info",
  "msg": "logger initialized successfully",
  "time": "2025-09-19 00:48:02"
}
{
  "level": "info",
  "msg": "postgres connected",
  "time": "2025-09-19 00:48:02"
}
{
  "level": "info",
  "msg": "migrations completed",
  "time": "2025-09-19 00:48:02"
}
{
  "level": "info",
  "msg": "Subscriptions counted successfullyuser_idtotal_amount0services_count0start_date2024-01-01T00:00:00Zend_date2024-12-31T00:00:00Z",
  "time": "2025-09-19 00:48:06"
}
{
  "level": "error",
  "msg": "Failed to query subscriptionserrorsql: Scan error on column index 4, name \"end_date\": converting NULL to string is unsupported",
  "time": "2025-09-19 00:48:30"
}
{
  "level": "error",
  "msg": "Error counting service requestssql: Scan error on column index 4, name \"end_date\": converting NULL to string is unsupported",
  "time": "2025-09-19 00:48:30"
}
{
  "level": "info",
  "msg": "logger initialized successfully",
  "time": "2025-09-19 00:51:16"
}
{
  "level": "info",
  "msg": "postgres connected",
  "time": "2025-09-19 00:51:16"
}
{
  "level": "info",
  "msg": "migrations completed",
  "time": "2025-09-19 00:51:16"
}
{
  "level": "info",
  "msg": "logger initialized successfully",
  "time": "2025-09-19 00:53:10"
}
{
  "level": "info",
  "msg": "postgres connected",
  "time": "2025-09-19 00:53:10"
}
{
  "level": "info",
  "msg": "migrations completed",
  "time": "2025-09-19 00:53:10"
}
{
  "level": "info",
  "msg": "Subscriptions counted successfullyuser_idtotal_amount24.98services_count2start_date2025-01-01T00:00:00Zend_date2025-09-19",
  "time": "2025-09-19 00:53:15"
}
{
  "level": "info",
  "msg": "Subscriptions counted successfullyuser_idtotal_amount80.92services_count4start_date2024-01-01T00:00:00Zend_date",
  "time": "2025-09-19 00:53:32"
}
